18 Nov 22 12:23 UTC || SetItem() done. Item(key: item6, value: 10 11 12) created: true
18 Nov 22 12:23 UTC || SetItem() done. Item(key: item3, value: value5) created: true
18 Nov 22 12:23 UTC || SetItem() done. Item(key: item1, value: value1) created: true
18 Nov 22 12:23 UTC || GetItem() done. Item(key: gjfdsjk32, value: )
18 Nov 22 12:23 UTC || GetAllTimes() done. Item(key: item6, value: 10 11 12) Item(key: item3, value: value5) Item(key: item1, value: value1)
18 Nov 22 12:23 UTC || SetItem() done. Item(key: gjfdsjk32, value: some value) created: true
18 Nov 22 12:23 UTC || GetItem() done. Item(key: gjfdsjk32, value: some value)
18 Nov 22 12:23 UTC || SetItem() done. Item(key: eda123, value: 1 1 12 23 1 342 53) created: true
18 Nov 22 12:23 UTC || SetItem() done. Item(key: gjfdsjk32, value: some value) created: false
18 Nov 22 12:23 UTC || DeleteItem() done. Item(key: item2) deleted: false
18 Nov 22 12:23 UTC || GetItem() done. Item(key: eda123, value: 1 1 12 23 1 342 53)
18 Nov 22 12:23 UTC || GetAllTimes() done. Item(key: item6, value: 10 11 12) Item(key: item3, value: value5) Item(key: item1, value: value1) Item(key: gjfdsjk32, value: some value) Item(key: eda123, value: 1 1 12 23 1 342 53)
18 Nov 22 12:24 UTC || SetItem() done. Item(key: item2, value: value2) created: true
18 Nov 22 12:24 UTC || GetAllTimes() done. Item(key: item6, value: 10 11 12) Item(key: item3, value: value5) Item(key: item1, value: value1) Item(key: gjfdsjk32, value: some value) Item(key: eda123, value: 1 1 12 23 1 342 53) Item(key: item2, value: value2)
18 Nov 22 12:24 UTC || GetAllTimes() done. Item(key: item6, value: 10 11 12) Item(key: item3, value: value5) Item(key: item1, value: value1) Item(key: gjfdsjk32, value: some value) Item(key: eda123, value: 1 1 12 23 1 342 53) Item(key: item2, value: value2)
18 Nov 22 12:24 UTC || GetItem() done. Item(key: gjfdsjk32, value: some value)
18 Nov 22 12:24 UTC || SetItem() done. Item(key: item9, value: 10 11 12) created: true
18 Nov 22 12:24 UTC || GetItem() done. Item(key: gjfdsjk32, value: some value)
18 Nov 22 12:24 UTC || SetItem() done. Item(key: gjfdsjk32, value: some value) created: false
18 Nov 22 12:24 UTC || GetItem() done. Item(key: item1, value: value1)
18 Nov 22 12:24 UTC || DeleteItem() done. Item(key: item2) deleted: true
18 Nov 22 12:24 UTC || GetItem() done. Item(key: gjfdsjk32, value: some value)
18 Nov 22 12:24 UTC || GetItem() done. Item(key: item1, value: value1)
18 Nov 22 12:24 UTC || GetAllTimes() done. Item(key: item6, value: 10 11 12) Item(key: item3, value: value5) Item(key: item1, value: value1) Item(key: gjfdsjk32, value: some value) Item(key: eda123, value: 1 1 12 23 1 342 53) Item(key: item9, value: 10 11 12)
18 Nov 22 12:24 UTC || SetItem() done. Item(key: item5, value: value1) created: true
18 Nov 22 12:24 UTC || GetAllTimes() done. Item(key: item6, value: 10 11 12) Item(key: item3, value: value5) Item(key: item1, value: value1) Item(key: gjfdsjk32, value: some value) Item(key: eda123, value: 1 1 12 23 1 342 53) Item(key: item9, value: 10 11 12) Item(key: item5, value: value1)
18 Nov 22 12:24 UTC || GetAllTimes() done. Item(key: item6, value: 10 11 12) Item(key: item3, value: value5) Item(key: item1, value: value1) Item(key: gjfdsjk32, value: some value) Item(key: eda123, value: 1 1 12 23 1 342 53) Item(key: item9, value: 10 11 12) Item(key: item5, value: value1)
18 Nov 22 12:24 UTC || SetItem() done. Item(key: eda123, value: 1 1 12 23 1 342 53) created: false
18 Nov 22 12:24 UTC || SetItem() done. Item(key: eda123, value: 1 1 12 23 1 342 53) created: false
18 Nov 22 12:24 UTC || GetAllTimes() done. Item(key: item6, value: 10 11 12) Item(key: item3, value: value5) Item(key: item1, value: value1) Item(key: gjfdsjk32, value: some value) Item(key: eda123, value: 1 1 12 23 1 342 53) Item(key: item9, value: 10 11 12) Item(key: item5, value: value1)
18 Nov 22 12:24 UTC || GetAllTimes() done. Item(key: item6, value: 10 11 12) Item(key: item3, value: value5) Item(key: item1, value: value1) Item(key: gjfdsjk32, value: some value) Item(key: eda123, value: 1 1 12 23 1 342 53) Item(key: item9, value: 10 11 12) Item(key: item5, value: value1)
18 Nov 22 12:24 UTC || GetAllTimes() done. Item(key: item6, value: 10 11 12) Item(key: item3, value: value5) Item(key: item1, value: value1) Item(key: gjfdsjk32, value: some value) Item(key: eda123, value: 1 1 12 23 1 342 53) Item(key: item9, value: 10 11 12) Item(key: item5, value: value1)
18 Nov 22 12:24 UTC || GetAllTimes() done. Item(key: item6, value: 10 11 12) Item(key: item3, value: value5) Item(key: item1, value: value1) Item(key: gjfdsjk32, value: some value) Item(key: eda123, value: 1 1 12 23 1 342 53) Item(key: item9, value: 10 11 12) Item(key: item5, value: value1)
18 Nov 22 12:24 UTC || SetItem() done. Item(key: gjfdsjk32, value: some value) created: false
18 Nov 22 12:24 UTC || DeleteItem() done. Item(key: item5) deleted: true
18 Nov 22 12:24 UTC || DeleteItem() done. Item(key: item9) deleted: true
18 Nov 22 12:24 UTC || GetItem() done. Item(key: gjfdsjk32, value: some value)
18 Nov 22 12:24 UTC || GetItem() done. Item(key: gjfdsjk32, value: some value)
18 Nov 22 12:24 UTC || GetItem() done. Item(key: gjfdsjk32, value: some value)
18 Nov 22 12:24 UTC || SetItem() done. Item(key: eda123, value: 1 1 12 23 1 342 53) created: false
18 Nov 22 12:24 UTC || DeleteItem() done. Item(key: item3) deleted: true
